<?xml version="1.0" encoding="UTF-8"?>
<!-- Generated by org.testng.reporters.JUnitReportReporter -->
<testsuite hostname="Karan-Lenovo" failures="0" tests="1" name="runner.TestRunner" time="45.494" errors="0" timestamp="2024-02-15T13:13:00 IST" skipped="0">
  <testcase classname="runner.TestRunner" name="runScenario" time="45.494"/>
</testsuite> <!-- runner.TestRunner -->
